<?xml version="1.0" encoding="UTF-8"?>
<!-- Generated by org.testng.reporters.JUnitXMLReporter -->
<testsuite ignored="2" hostname="veplpunlap-023" failures="0" tests="4" name="Test" time="435.553" errors="0" timestamp="24 Dec 2021 17:11:06 GMT">
  <testcase classname="TestCaseDemo.TestCaseDemo" name="tc_03" time="23.509"/>
  <testcase classname="TestCaseDemo.TestCaseDemo" name="tc_03" time="23.569"/>
  <testcase classname="TestCaseDemo.TestCaseDemo" name="tc_03" time="22.74"/>
  <testcase classname="TestCaseDemo.TestCaseDemo" name="tc_03" time="20.6"/>
  <testcase classname="TestCaseDemo.TestCaseDemo" name="tc_01" time="0.0">
    <ignored/>
  </testcase> <!-- tc_01 -->
  <testcase classname="TestCaseDemo.TestCaseDemo" name="tc_02" time="0.0">
    <ignored/>
  </testcase> <!-- tc_02 -->
</testsuite> <!-- Test -->
